iter,elapsed_sec,avg_iter_sec,eta_target_sec,total_est_sec
78076,0.70,0.0000,0.02,0.72
78077,1.60,0.0000,0.04,1.64
78078,2.36,0.0000,0.06,2.41
78079,3.75,0.0000,0.09,3.84
78080,4.50,0.0001,0.11,4.61
78081,5.26,0.0001,0.13,5.38
78082,6.00,0.0001,0.15,6.15
78083,7.39,0.0001,0.18,7.58
78084,8.13,0.0001,0.20,8.33
78085,8.90,0.0001,0.22,9.12
78086,9.65,0.0001,0.24,9.89
78087,11.00,0.0001,0.27,11.26
78088,11.76,0.0002,0.29,12.05
78089,12.53,0.0002,0.31,12.84
78090,13.26,0.0002,0.32,13.59
78091,14.60,0.0002,0.36,14.96
78092,15.35,0.0002,0.38,15.73
78093,16.11,0.0002,0.39,16.51
78094,16.87,0.0002,0.41,17.28
78095,18.24,0.0002,0.44,18.69
78096,19.01,0.0002,0.46,19.47
78097,19.76,0.0003,0.48,20.24
78098,20.48,0.0003,0.50,20.98
78099,21.83,0.0003,0.53,22.37
78100,22.59,0.0003,0.55,23.13
78101,23.34,0.0003,0.57,23.91
78102,24.08,0.0003,0.59,24.67
78103,25.46,0.0003,0.62,26.08
78104,26.24,0.0003,0.64,26.88
78105,27.00,0.0003,0.65,27.65
78106,27.72,0.0004,0.67,28.40
78107,29.13,0.0004,0.71,29.83
78108,29.88,0.0004,0.72,30.60
78109,30.63,0.0004,0.74,31.37
78110,31.39,0.0004,0.76,32.14
78111,32.78,0.0004,0.79,33.57
78112,33.53,0.0004,0.81,34.34
78113,34.27,0.0004,0.83,35.09
78114,35.00,0.0004,0.84,35.84
78115,36.38,0.0005,0.88,37.26
78116,37.15,0.0005,0.90,38.04
78117,37.89,0.0005,0.91,38.80
78118,39.25,0.0005,0.95,40.19
78119,40.02,0.0005,0.96,40.98
78120,40.78,0.0005,0.98,41.76
78121,41.56,0.0005,1.00,42.56
78122,42.93,0.0005,1.03,43.97
78123,43.70,0.0006,1.05,44.75
78124,44.45,0.0006,1.07,45.52
78125,45.20,0.0006,1.08,46.29
78126,46.56,0.0006,1.12,47.67
78127,47.30,0.0006,1.13,48.44
78128,48.06,0.0006,1.15,49.21
78129,48.82,0.0006,1.17,49.99
78130,50.19,0.0006,1.20,51.39
78131,50.97,0.0007,1.22,52.19
78132,51.74,0.0007,1.24,52.98
78133,52.48,0.0007,1.25,53.73
78134,53.84,0.0007,1.29,55.12
78135,54.61,0.0007,1.30,55.91
78136,55.38,0.0007,1.32,56.70
78137,56.16,0.0007,1.34,57.50
78138,57.54,0.0007,1.37,58.91
78139,58.29,0.0007,1.39,59.68
78140,59.05,0.0008,1.41,60.45
78141,59.78,0.0008,1.42,61.20
78142,61.15,0.0008,1.45,62.61
78143,61.90,0.0008,1.47,63.37
78144,62.68,0.0008,1.49,64.17
78145,63.43,0.0008,1.51,64.93
78146,64.80,0.0008,1.54,66.33
78147,65.57,0.0008,1.55,67.13
78148,66.36,0.0008,1.57,67.93
78149,67.11,0.0009,1.59,68.69
78150,68.50,0.0009,1.62,70.12
78151,69.24,0.0009,1.64,70.88
78152,70.00,0.0009,1.66,71.65
78153,70.72,0.0009,1.67,72.39
78154,72.11,0.0009,1.70,73.81
78155,72.88,0.0009,1.72,74.61
78156,73.67,0.0009,1.74,75.41
78157,74.40,0.0010,1.75,76.16
78158,75.79,0.0010,1.79,77.57
78159,76.56,0.0010,1.80,78.36
78160,77.34,0.0010,1.82,79.16
78161,78.69,0.0010,1.85,80.54
78162,79.48,0.0010,1.87,81.35
78163,80.26,0.0010,1.89,82.15
78164,81.03,0.0010,1.90,82.93
78165,82.37,0.0011,1.93,84.31
78166,83.14,0.0011,1.95,85.10
78167,83.92,0.0011,1.97,85.89
78168,84.69,0.0011,1.98,86.67
78169,86.08,0.0011,2.02,88.10
78170,86.86,0.0011,2.03,88.89
78171,87.61,0.0011,2.05,89.66
78172,88.38,0.0011,2.07,90.44
78173,89.72,0.0011,2.10,91.82
78174,90.48,0.0012,2.11,92.59
78175,91.25,0.0012,2.13,93.38
78176,92.00,0.0012,2.15,94.14
78177,93.37,0.0012,2.18,95.55
78178,94.12,0.0012,2.19,96.32
78179,94.87,0.0012,2.21,97.08
78180,95.61,0.0012,2.23,97.84
78181,96.96,0.0012,2.26,99.21
78182,97.70,0.0012,2.27,99.97
78183,98.45,0.0013,2.29,100.74
78184,99.18,0.0013,2.30,101.49
78185,100.53,0.0013,2.33,102.87
78186,101.30,0.0013,2.35,103.65
78187,102.05,0.0013,2.37,104.41
78188,102.79,0.0013,2.38,105.17
78189,104.17,0.0013,2.41,106.58
78190,104.93,0.0013,2.43,107.35
78191,105.69,0.0014,2.45,108.14
78192,106.41,0.0014,2.46,108.87
78193,107.76,0.0014,2.49,110.25
78194,108.50,0.0014,2.51,111.01
78195,109.25,0.0014,2.52,111.78
78196,109.96,0.0014,2.54,112.50
78197,111.34,0.0014,2.57,113.91
78198,112.10,0.0014,2.58,114.69
78199,112.85,0.0014,2.60,115.45
78200,114.21,0.0015,2.63,116.84
78201,114.96,0.0015,2.64,117.60
78202,115.71,0.0015,2.66,118.37
78203,116.48,0.0015,2.68,119.15
78204,117.82,0.0015,2.71,120.53
78205,118.59,0.0015,2.72,121.32
78206,119.35,0.0015,2.74,122.09
78207,120.11,0.0015,2.75,122.86
78208,121.47,0.0016,2.78,124.26
78209,122.24,0.0016,2.80,125.04
78210,122.99,0.0016,2.81,125.81
78211,123.75,0.0016,2.83,126.58
78212,125.11,0.0016,2.86,127.97
78213,125.86,0.0016,2.88,128.74
78214,126.80,0.0016,2.90,129.69
78215,127.53,0.0016,2.91,130.45
78216,128.90,0.0016,2.94,131.84
78217,129.65,0.0017,2.96,132.61
78218,130.42,0.0017,2.97,133.39
78219,131.16,0.0017,2.99,134.15
78220,132.51,0.0017,3.02,135.53
78221,133.28,0.0017,3.03,136.31
78222,134.04,0.0017,3.05,137.08
78223,134.80,0.0017,3.06,137.87
78224,136.15,0.0017,3.09,139.25
78225,136.93,0.0018,3.11,140.04
78226,137.70,0.0018,3.12,140.83
78227,138.43,0.0018,3.14,141.57
78228,139.81,0.0018,3.17,142.98
78229,140.60,0.0018,3.18,143.78
78230,141.36,0.0018,3.20,144.56
78231,142.07,0.0018,3.21,145.28
78232,143.46,0.0018,3.24,146.70
78233,144.21,0.0018,3.26,147.47
78234,145.01,0.0019,3.27,148.28
78235,145.73,0.0019,3.29,149.02
78236,147.10,0.0019,3.32,150.42
78237,147.89,0.0019,3.33,151.22
78238,148.67,0.0019,3.35,152.02
78239,149.40,0.0019,3.36,152.77
78240,150.80,0.0019,3.39,154.20
78241,151.56,0.0019,3.41,154.97
78242,152.30,0.0019,3.42,155.72
78243,153.67,0.0020,3.45,157.12
78244,154.44,0.0020,3.47,157.91
78245,155.21,0.0020,3.48,158.69
78246,155.97,0.0020,3.50,159.46
78247,157.35,0.0020,3.53,160.88
78248,158.12,0.0020,3.54,161.66
78249,158.89,0.0020,3.56,162.45
78250,159.66,0.0020,3.57,163.23
78251,161.03,0.0021,3.60,164.63
78252,161.77,0.0021,3.61,165.39
78253,162.53,0.0021,3.63,166.16
78254,163.28,0.0021,3.64,166.92
78255,164.65,0.0021,3.67,168.32
78256,165.42,0.0021,3.69,169.11
78257,166.20,0.0021,3.70,169.90
78258,166.96,0.0021,3.72,170.67
78259,168.31,0.0022,3.74,172.06
78260,169.07,0.0022,3.76,172.83
78261,169.81,0.0022,3.77,173.59
78262,170.58,0.0022,3.79,174.37
78263,171.95,0.0022,3.82,175.76
78264,172.74,0.0022,3.83,176.57
78265,173.49,0.0022,3.85,177.34
78266,174.24,0.0022,3.86,178.11
78267,175.62,0.0022,3.89,179.51
78268,176.40,0.0023,3.90,180.31
78269,177.15,0.0023,3.92,181.07
78270,177.88,0.0023,3.93,181.81
78271,179.25,0.0023,3.96,183.21
78272,180.05,0.0023,3.97,184.03
78273,180.82,0.0023,3.99,184.81
78274,181.57,0.0023,4.00,185.57
78275,182.93,0.0023,4.03,186.96
78276,183.69,0.0023,4.05,187.73
78277,184.44,0.0024,4.06,188.50
78278,185.16,0.0024,4.07,189.23
78279,186.54,0.0024,4.10,190.64
78280,187.36,0.0024,4.12,191.48
78281,188.12,0.0024,4.13,192.25
78282,188.85,0.0024,4.14,193.00
78283,190.26,0.0024,4.17,194.43
78284,191.02,0.0024,4.19,195.21
78285,191.77,0.0024,4.20,195.97
78286,193.14,0.0025,4.23,197.36
78287,193.88,0.0025,4.24,198.13
78288,194.65,0.0025,4.26,198.91
78289,195.41,0.0025,4.27,199.68
78290,196.78,0.0025,4.30,201.08
78291,197.52,0.0025,4.31,201.83
78292,198.28,0.0025,4.33,202.60
78293,199.05,0.0025,4.34,203.39
78294,200.39,0.0026,4.37,204.76
78295,201.14,0.0026,4.38,205.52
78296,201.90,0.0026,4.39,206.30
78297,202.67,0.0026,4.41,207.08
78298,204.03,0.0026,4.44,208.46
78299,204.79,0.0026,4.45,209.23
78300,205.55,0.0026,4.46,210.01
78301,206.33,0.0026,4.48,210.81
78302,207.69,0.0027,4.50,212.20
78303,208.47,0.0027,4.52,212.99
78304,209.23,0.0027,4.53,213.76
78305,209.96,0.0027,4.54,214.51
78306,211.36,0.0027,4.57,215.93
78307,212.13,0.0027,4.59,216.72
78308,212.90,0.0027,4.60,217.50
78309,213.66,0.0027,4.61,218.27
78310,215.05,0.0027,4.64,219.69
78311,215.87,0.0028,4.66,220.53
78312,216.67,0.0028,4.67,221.34
78313,217.46,0.0028,4.68,222.15
78314,218.91,0.0028,4.71,223.62
78315,219.78,0.0028,4.73,224.51
78316,220.78,0.0028,4.75,225.53
78317,221.67,0.0028,4.76,226.44
78318,223.08,0.0028,4.79,227.87
78319,223.85,0.0029,4.80,228.65
78320,224.62,0.0029,4.82,229.43
78321,225.38,0.0029,4.83,230.21
78322,226.76,0.0029,4.86,231.61
78323,227.53,0.0029,4.87,232.40
78324,228.30,0.0029,4.89,233.18
78325,229.66,0.0029,4.91,234.57
78326,230.53,0.0029,4.93,235.46
78327,231.53,0.0030,4.95,236.47
78328,232.60,0.0030,4.97,237.56
78329,234.11,0.0030,4.99,239.10
78330,235.00,0.0030,5.01,240.01
78331,235.84,0.0030,5.03,240.86
78332,236.66,0.0030,5.04,241.69
78333,238.06,0.0030,5.07,243.12
78334,238.86,0.0030,5.08,243.94
78335,239.64,0.0031,5.09,244.73
78336,240.56,0.0031,5.11,245.67
78337,242.03,0.0031,5.14,247.17
78338,242.83,0.0031,5.15,247.98
78339,243.62,0.0031,5.17,248.79
78340,244.39,0.0031,5.18,249.57
78341,245.76,0.0031,5.20,250.97
78342,246.54,0.0031,5.22,251.76
78343,247.31,0.0032,5.23,252.54
78344,248.09,0.0032,5.24,253.34
78345,249.52,0.0032,5.27,254.79
78346,250.32,0.0032,5.28,255.60
78347,251.10,0.0032,5.30,256.40
78348,251.86,0.0032,5.31,257.17
78349,253.24,0.0032,5.34,258.58
78350,254.05,0.0032,5.35,259.40
78351,254.85,0.0033,5.36,260.21
78352,255.62,0.0033,5.38,261.00
78353,257.01,0.0033,5.40,262.41
78354,257.78,0.0033,5.42,263.19
78355,258.56,0.0033,5.43,263.99
78356,259.34,0.0033,5.44,264.79
78357,260.75,0.0033,5.47,266.22
78358,261.53,0.0033,5.48,267.01
78359,262.31,0.0033,5.49,267.80
78360,263.06,0.0034,5.51,268.57
78361,264.45,0.0034,5.53,269.98
78362,265.22,0.0034,5.54,270.77
78363,266.00,0.0034,5.56,271.56
78364,266.78,0.0034,5.57,272.35
78365,268.17,0.0034,5.59,273.76
78366,268.94,0.0034,5.61,274.54
78367,269.70,0.0034,5.62,275.32
78368,271.07,0.0035,5.65,276.72
78369,271.85,0.0035,5.66,277.51
78370,272.63,0.0035,5.67,278.30
78371,273.41,0.0035,5.68,279.09
78372,274.78,0.0035,5.71,280.48
78373,275.56,0.0035,5.72,281.28
78374,276.35,0.0035,5.73,282.08
78375,277.15,0.0035,5.75,282.90
78376,278.54,0.0036,5.77,284.31
78377,279.29,0.0036,5.78,285.08
78378,280.08,0.0036,5.80,285.88
78379,280.86,0.0036,5.81,286.66
78380,282.23,0.0036,5.83,288.06
78381,283.02,0.0036,5.85,288.87
78382,283.82,0.0036,5.86,289.68
78383,284.57,0.0036,5.87,290.44
78384,285.95,0.0036,5.90,291.85
78385,286.72,0.0037,5.91,292.63
78386,287.50,0.0037,5.92,293.42
78387,288.27,0.0037,5.93,294.20
78388,289.65,0.0037,5.96,295.61
78389,290.44,0.0037,5.97,296.41
78390,291.21,0.0037,5.98,297.19
78391,291.96,0.0037,5.99,297.95
78392,293.34,0.0037,6.02,299.36
78393,294.12,0.0038,6.03,300.15
78394,294.90,0.0038,6.04,300.94
78395,295.66,0.0038,6.05,301.71
78396,297.03,0.0038,6.08,303.10
78397,297.81,0.0038,6.09,303.90
78398,298.57,0.0038,6.10,304.67
78399,299.32,0.0038,6.11,305.43
78400,300.73,0.0038,6.14,306.87
78401,301.50,0.0038,6.15,307.64
78402,302.27,0.0039,6.16,308.43
78403,303.03,0.0039,6.17,309.20
78404,304.38,0.0039,6.20,310.57
78405,305.14,0.0039,6.21,311.35
78406,305.93,0.0039,6.22,312.15
78407,306.74,0.0039,6.23,312.97
78408,308.16,0.0039,6.26,314.42
78409,308.95,0.0039,6.27,315.22
78410,309.77,0.0040,6.28,316.05
78411,311.18,0.0040,6.31,317.49
78412,311.97,0.0040,6.32,318.29
78413,312.77,0.0040,6.33,319.10
78414,313.55,0.0040,6.34,319.90
78415,314.92,0.0040,6.37,321.29
78416,315.70,0.0040,6.38,322.08
78417,316.50,0.0040,6.39,322.89
78418,317.28,0.0040,6.40,323.68
78419,318.68,0.0041,6.42,325.10
78420,319.46,0.0041,6.44,325.90
78421,320.24,0.0041,6.45,326.69
78422,321.03,0.0041,6.46,327.49
78423,322.43,0.0041,6.48,328.91
78424,323.21,0.0041,6.50,329.71
78425,324.06,0.0041,6.51,330.57
78426,324.85,0.0041,6.52,331.37
78427,326.22,0.0042,6.54,332.76
78428,326.98,0.0042,6.55,333.53
78429,327.78,0.0042,6.57,334.35
78430,328.55,0.0042,6.58,335.13
78431,329.93,0.0042,6.60,336.53
78432,330.72,0.0042,6.61,337.33
78433,331.51,0.0042,6.62,338.13
78434,332.27,0.0042,6.63,338.91
78435,333.65,0.0043,6.66,340.31
78436,334.41,0.0043,6.67,341.07
78437,335.18,0.0043,6.68,341.86
78438,335.94,0.0043,6.69,342.63
78439,337.32,0.0043,6.71,344.03
78440,338.10,0.0043,6.72,344.82
78441,338.87,0.0043,6.74,345.61
78442,339.62,0.0043,6.75,346.37
78443,341.02,0.0043,6.77,347.79
78444,341.80,0.0044,6.78,348.58
78445,342.58,0.0044,6.79,349.37
78446,343.32,0.0044,6.80,350.12
78447,344.72,0.0044,6.82,351.54
78448,345.49,0.0044,6.84,352.32
78449,346.27,0.0044,6.85,353.11
78450,347.65,0.0044,6.87,354.52
78451,348.42,0.0044,6.88,355.30
78452,349.21,0.0045,6.89,356.10
78453,349.98,0.0045,6.90,356.88
78454,351.35,0.0045,6.92,358.27
78455,352.12,0.0045,6.93,359.06
78456,352.87,0.0045,6.94,359.82
78457,353.63,0.0045,6.95,360.59
78458,354.99,0.0045,6.98,361.97
78459,355.77,0.0045,6.99,362.76
78460,356.54,0.0045,7.00,363.54
78461,357.33,0.0046,7.01,364.34
78462,358.72,0.0046,7.03,365.75
78463,359.48,0.0046,7.04,366.52
78464,360.25,0.0046,7.05,367.31
78465,361.02,0.0046,7.06,368.08
78466,362.39,0.0046,7.08,369.47
78467,363.16,0.0046,7.10,370.26
78468,363.93,0.0046,7.11,371.04
78469,364.70,0.0046,7.12,371.82
78470,366.09,0.0047,7.14,373.23
78471,366.86,0.0047,7.15,374.01
78472,367.64,0.0047,7.16,374.80
78473,368.38,0.0047,7.17,375.55
78474,369.74,0.0047,7.19,376.93
78475,370.51,0.0047,7.20,377.71
78476,371.28,0.0047,7.21,378.49
78477,372.03,0.0047,7.22,379.25
78478,373.43,0.0048,7.24,380.67
78479,374.21,0.0048,7.25,381.46
78480,374.98,0.0048,7.26,382.24
78481,375.71,0.0048,7.27,382.99
78482,377.10,0.0048,7.29,384.39
78483,377.88,0.0048,7.30,385.19
78484,378.66,0.0048,7.31,385.98
78485,379.41,0.0048,7.32,386.74
78486,380.83,0.0049,7.35,388.17
78487,381.63,0.0049,7.36,388.99
78488,382.44,0.0049,7.37,389.81
78489,383.17,0.0049,7.38,390.55
78490,384.58,0.0049,7.40,391.98
78491,385.37,0.0049,7.41,392.78
78492,386.15,0.0049,7.42,393.56
78493,387.51,0.0049,7.44,394.95
78494,388.29,0.0049,7.45,395.74
78495,389.11,0.0050,7.46,396.57
78496,389.88,0.0050,7.47,397.35
78497,391.23,0.0050,7.49,398.72
78498,392.00,0.0050,7.50,399.50
78499,392.77,0.0050,7.51,400.28
78500,393.53,0.0050,7.52,401.05
78501,394.91,0.0050,7.54,402.45
78502,395.68,0.0050,7.55,403.23
78503,396.45,0.0051,7.56,404.01
78504,397.23,0.0051,7.57,404.80
78505,398.60,0.0051,7.59,406.19
78506,399.37,0.0051,7.60,406.97
78507,400.13,0.0051,7.61,407.74
78508,400.89,0.0051,7.62,408.51
78509,402.26,0.0051,7.64,409.90
78510,403.03,0.0051,7.65,410.68
78511,403.81,0.0051,7.66,411.47
78512,404.58,0.0052,7.67,412.25
78513,405.96,0.0052,7.69,413.65
78514,406.71,0.0052,7.70,414.41
78515,407.47,0.0052,7.71,415.18
78516,408.21,0.0052,7.72,415.92
78517,409.58,0.0052,7.74,417.32
78518,410.37,0.0052,7.75,418.12
78519,411.15,0.0052,7.75,418.91
78520,411.88,0.0052,7.76,419.65
78521,413.28,0.0053,7.78,421.06
78522,414.04,0.0053,7.79,421.83
78523,414.82,0.0053,7.80,422.63
78524,415.58,0.0053,7.81,423.39
78525,416.95,0.0053,7.83,424.78
78526,417.73,0.0053,7.84,425.57
78527,418.48,0.0053,7.85,426.33
78528,419.21,0.0053,7.86,427.07
78529,420.60,0.0054,7.88,428.47
78530,421.37,0.0054,7.89,429.26
78531,422.14,0.0054,7.90,430.04
78532,422.91,0.0054,7.91,430.81
78533,424.31,0.0054,7.93,432.23
78534,425.08,0.0054,7.93,433.01
78535,425.89,0.0054,7.94,433.84
78536,427.24,0.0054,7.96,435.21
78537,428.00,0.0054,7.97,435.97
78538,428.78,0.0055,7.98,436.76
78539,429.56,0.0055,7.99,437.55
78540,430.93,0.0055,8.01,438.94
78541,431.72,0.0055,8.02,439.74
78542,432.50,0.0055,8.03,440.53
78543,433.29,0.0055,8.04,441.33
78544,434.67,0.0055,8.06,442.72
78545,435.45,0.0055,8.07,443.52
78546,436.23,0.0056,8.08,444.30
78547,437.00,0.0056,8.08,445.08
78548,438.39,0.0056,8.10,446.50
78549,439.18,0.0056,8.11,447.29
78550,439.96,0.0056,8.12,448.08
78551,440.73,0.0056,8.13,448.86
78552,442.09,0.0056,8.15,450.24
78553,442.86,0.0056,8.16,451.02
78554,443.65,0.0056,8.17,451.82
78555,444.42,0.0057,8.17,452.60
78556,445.78,0.0057,8.19,453.97
78557,446.53,0.0057,8.20,454.73
78558,447.29,0.0057,8.21,455.50
78559,448.04,0.0057,8.22,456.26
78560,449.42,0.0057,8.24,457.66
78561,450.21,0.0057,8.25,458.46
78562,450.98,0.0057,8.25,459.23
78563,451.72,0.0057,8.26,459.98
78564,453.10,0.0058,8.28,461.38
78565,453.89,0.0058,8.29,462.18
78566,454.65,0.0058,8.30,462.95
78567,455.39,0.0058,8.31,463.70
78568,456.76,0.0058,8.33,465.09
78569,457.54,0.0058,8.33,465.87
78570,458.30,0.0058,8.34,466.64
78571,459.02,0.0058,8.35,467.37
78572,460.40,0.0059,8.37,468.77
78573,461.17,0.0059,8.38,469.54
78574,461.93,0.0059,8.38,470.31
78575,463.29,0.0059,8.40,471.69
78576,464.06,0.0059,8.41,472.47
78577,464.83,0.0059,8.42,473.25
78578,465.62,0.0059,8.43,474.04
78579,466.97,0.0059,8.44,475.41
78580,467.74,0.0060,8.45,476.19
78581,468.52,0.0060,8.46,476.98
78582,469.28,0.0060,8.47,477.74
78583,470.63,0.0060,8.49,479.11
78584,471.40,0.0060,8.49,479.89
78585,472.16,0.0060,8.50,480.66
78586,472.93,0.0060,8.51,481.44
78587,474.30,0.0060,8.53,482.83
78588,475.07,0.0060,8.54,483.61
78589,475.83,0.0061,8.54,484.38
78590,476.61,0.0061,8.55,485.16
78591,477.96,0.0061,8.57,486.53
78592,478.75,0.0061,8.58,487.33
78593,479.52,0.0061,8.58,488.10
78594,480.30,0.0061,8.59,488.89
78595,481.67,0.0061,8.61,490.28
78596,482.42,0.0061,8.62,491.04
78597,483.17,0.0061,8.62,491.80
78598,483.93,0.0062,8.63,492.56
78599,485.29,0.0062,8.65,493.94
78600,486.05,0.0062,8.66,494.71
78601,486.80,0.0062,8.66,495.47
78602,487.57,0.0062,8.67,496.24
78603,488.94,0.0062,8.69,497.63
78604,489.72,0.0062,8.70,498.42
78605,490.48,0.0062,8.70,499.19
78606,491.22,0.0062,8.71,499.93
78607,492.60,0.0063,8.73,501.33
78608,493.37,0.0063,8.74,502.10
78609,494.13,0.0063,8.74,502.88
78610,494.88,0.0063,8.75,503.63
78611,496.24,0.0063,8.77,505.01
78612,497.02,0.0063,8.78,505.80
78613,497.82,0.0063,8.78,506.60
78614,498.58,0.0063,8.79,507.37
78615,499.97,0.0064,8.81,508.78
78616,500.74,0.0064,8.82,509.55
78617,501.50,0.0064,8.82,510.32
78618,502.87,0.0064,8.84,511.71
78619,503.79,0.0064,8.85,512.64
78620,504.58,0.0064,8.86,513.44
78621,505.37,0.0064,8.86,514.23
78622,506.77,0.0064,8.88,515.66
78623,507.69,0.0065,8.89,516.58
78624,508.49,0.0065,8.90,517.39
78625,509.27,0.0065,8.91,518.17
78626,510.63,0.0065,8.92,519.55
78627,511.41,0.0065,8.93,520.34
78628,512.19,0.0065,8.94,521.13
78629,512.94,0.0065,8.94,521.89
78630,514.32,0.0065,8.96,523.28
78631,515.10,0.0066,8.97,524.07
78632,515.86,0.0066,8.97,524.84
78633,516.63,0.0066,8.98,525.61
78634,517.98,0.0066,9.00,526.98
78635,518.75,0.0066,9.00,527.75
78636,519.50,0.0066,9.01,528.51
78637,520.24,0.0066,9.02,529.26
78638,521.58,0.0066,9.03,530.61
78639,522.35,0.0066,9.04,531.39
78640,523.11,0.0067,9.05,532.16
78641,523.88,0.0067,9.05,532.93
78642,525.23,0.0067,9.07,534.30
78643,525.98,0.0067,9.08,535.05
78644,526.74,0.0067,9.08,535.82
78645,527.49,0.0067,9.09,536.58
78646,528.89,0.0067,9.11,538.00
78647,529.69,0.0067,9.11,538.80
78648,530.45,0.0067,9.12,539.57
78649,531.20,0.0068,9.12,540.32
78650,532.58,0.0068,9.14,541.73
78651,533.36,0.0068,9.15,542.51
78652,534.15,0.0068,9.15,543.31
78653,534.91,0.0068,9.16,544.07
78654,536.27,0.0068,9.18,545.44
78655,537.04,0.0068,9.18,546.22
78656,537.81,0.0068,9.19,547.00
78657,538.55,0.0068,9.20,547.75
78658,539.96,0.0069,9.21,549.17
78659,540.73,0.0069,9.22,549.95
78660,541.50,0.0069,9.22,550.72
78661,542.86,0.0069,9.24,552.10
78662,543.77,0.0069,9.25,553.02
78663,544.54,0.0069,9.26,553.80
78664,545.30,0.0069,9.26,554.56
78665,546.70,0.0069,9.28,555.97
78666,547.48,0.0070,9.28,556.77
78667,548.26,0.0070,9.29,557.55
78668,549.04,0.0070,9.30,558.33
78669,550.45,0.0070,9.31,559.76
78670,551.22,0.0070,9.32,560.54
78671,552.01,0.0070,9.33,561.33
78672,552.79,0.0070,9.33,562.12
78673,554.15,0.0070,9.35,563.50
78674,554.93,0.0071,9.35,564.29
78675,555.72,0.0071,9.36,565.08
78676,556.52,0.0071,9.37,565.88
78677,557.89,0.0071,9.38,567.27
78678,558.67,0.0071,9.39,568.06
78679,559.45,0.0071,9.39,568.85
78680,560.22,0.0071,9.40,569.62
78681,561.60,0.0071,9.41,571.02
78682,562.40,0.0071,9.42,571.82
78683,563.17,0.0072,9.43,572.60
78684,563.92,0.0072,9.43,573.35
78685,565.30,0.0072,9.45,574.74
78686,566.08,0.0072,9.45,575.54
78687,566.86,0.0072,9.46,576.31
78688,567.64,0.0072,9.46,577.10
78689,569.00,0.0072,9.48,578.48
78690,569.80,0.0072,9.49,579.29
78691,570.57,0.0073,9.49,580.06
78692,571.33,0.0073,9.50,580.83
78693,572.72,0.0073,9.51,582.23
78694,573.48,0.0073,9.52,583.00
78695,574.28,0.0073,9.52,583.80
78696,575.01,0.0073,9.53,584.54
78697,576.41,0.0073,9.54,585.95
78698,577.16,0.0073,9.55,586.71
78699,577.91,0.0073,9.55,587.47
78700,579.30,0.0074,9.57,588.87
78701,580.07,0.0074,9.57,589.64
78702,580.85,0.0074,9.58,590.43
78703,581.62,0.0074,9.58,591.21
78704,582.98,0.0074,9.60,592.58
78705,583.74,0.0074,9.60,593.35
78706,584.51,0.0074,9.61,594.12
78707,585.29,0.0074,9.62,594.90
78708,586.70,0.0075,9.63,596.33
78709,587.48,0.0075,9.64,597.12
78710,588.25,0.0075,9.64,597.90
78711,589.00,0.0075,9.65,598.65
78712,590.38,0.0075,9.66,600.04
78713,591.16,0.0075,9.67,600.83
78714,591.97,0.0075,9.67,601.64
78715,592.74,0.0075,9.68,602.42
78716,594.15,0.0075,9.69,603.84
78717,594.94,0.0076,9.70,604.64
78718,595.73,0.0076,9.70,605.43
78719,596.49,0.0076,9.71,606.20
78720,597.87,0.0076,9.72,607.59
78721,598.62,0.0076,9.73,608.35
78722,599.40,0.0076,9.73,609.13
78723,600.17,0.0076,9.74,609.90
78724,601.55,0.0076,9.75,611.30
78725,602.34,0.0077,9.76,612.10
78726,603.13,0.0077,9.76,612.89
78727,603.89,0.0077,9.76,613.65
78728,605.27,0.0077,9.78,615.05
78729,606.06,0.0077,9.78,615.85
78730,606.85,0.0077,9.79,616.64
78731,607.59,0.0077,9.79,617.39
78732,609.01,0.0077,9.81,618.82
78733,609.79,0.0077,9.81,619.60
78734,610.56,0.0078,9.82,620.38
78735,611.33,0.0078,9.82,621.15
78736,612.70,0.0078,9.84,622.53
78737,613.48,0.0078,9.84,623.32
78738,614.25,0.0078,9.85,624.09
78739,615.04,0.0078,9.85,624.89
78740,616.49,0.0078,9.87,626.36
78741,617.28,0.0078,9.87,627.15
78742,618.06,0.0078,9.87,627.93
78743,619.43,0.0079,9.89,629.32
78744,620.21,0.0079,9.89,630.10
78745,620.97,0.0079,9.90,630.87
78746,621.77,0.0079,9.90,631.67
78747,623.17,0.0079,9.92,633.09
78748,623.94,0.0079,9.92,633.86
78749,624.73,0.0079,9.92,634.65
78750,625.50,0.0079,9.93,635.43
78751,626.85,0.0080,9.94,636.79
78752,627.68,0.0080,9.95,637.63
78753,628.45,0.0080,9.95,638.40
78754,629.21,0.0080,9.95,639.16
78755,630.57,0.0080,9.97,640.54
78756,631.35,0.0080,9.97,641.33
78757,632.11,0.0080,9.98,642.09
78758,632.88,0.0080,9.98,642.86
78759,634.25,0.0081,9.99,644.25
78760,635.02,0.0081,10.00,645.02
78761,635.81,0.0081,10.00,645.82
78762,636.58,0.0081,10.01,646.59
78763,637.97,0.0081,10.02,647.99
78764,638.83,0.0081,10.02,648.85
78765,639.61,0.0081,10.03,649.64
78766,640.36,0.0081,10.03,650.40
78767,641.74,0.0081,10.05,651.79
78768,642.51,0.0082,10.05,652.56
78769,643.29,0.0082,10.05,653.34
78770,644.02,0.0082,10.06,654.08
78771,645.39,0.0082,10.07,655.46
78772,646.15,0.0082,10.07,656.22
78773,646.92,0.0082,10.08,657.00
78774,647.68,0.0082,10.08,657.76
78775,649.10,0.0082,10.09,659.20
78776,649.89,0.0082,10.10,659.98
78777,650.69,0.0083,10.10,660.80
78778,651.45,0.0083,10.11,661.56
78779,652.86,0.0083,10.12,662.98
78780,653.68,0.0083,10.12,663.80
78781,654.46,0.0083,10.13,664.59
78782,655.18,0.0083,10.13,665.31
78783,656.59,0.0083,10.14,666.74
78784,657.36,0.0083,10.15,667.51
78785,658.13,0.0084,10.15,668.28
78786,659.51,0.0084,10.16,669.67
78787,660.26,0.0084,10.17,670.43
78788,661.03,0.0084,10.17,671.20
78789,661.80,0.0084,10.17,671.97
78790,663.14,0.0084,10.18,673.33
78791,663.92,0.0084,10.19,674.11
78792,664.69,0.0084,10.19,674.88
78793,665.48,0.0084,10.19,675.68
78794,666.85,0.0085,10.21,677.05
78795,667.60,0.0085,10.21,677.81
78796,668.40,0.0085,10.21,678.61
78797,669.15,0.0085,10.22,679.36
78798,670.50,0.0085,10.23,680.73
78799,671.28,0.0085,10.23,681.51
78800,672.04,0.0085,10.23,682.28
78801,672.79,0.0085,10.24,683.03
78802,674.18,0.0086,10.25,684.43
78803,674.96,0.0086,10.25,685.21
78804,675.74,0.0086,10.26,686.00
78805,676.49,0.0086,10.26,686.75
78806,677.88,0.0086,10.27,688.15
78807,678.65,0.0086,10.27,688.93
78808,679.43,0.0086,10.28,689.70
78809,680.18,0.0086,10.28,690.46
78810,681.58,0.0086,10.29,691.87
78811,682.36,0.0087,10.29,692.65
78812,683.12,0.0087,10.30,693.42
78813,683.88,0.0087,10.30,694.18
78814,685.26,0.0087,10.31,695.57
78815,686.05,0.0087,10.31,696.37
78816,686.81,0.0087,10.32,697.13
78817,687.57,0.0087,10.32,697.89
78818,688.98,0.0087,10.33,699.31
78819,689.75,0.0088,10.34,700.09
78820,690.52,0.0088,10.34,700.86
78821,691.28,0.0088,10.34,701.62
78822,692.65,0.0088,10.35,703.00
78823,693.40,0.0088,10.35,703.76
78824,694.19,0.0088,10.36,704.54
78825,695.53,0.0088,10.37,705.90
78826,696.29,0.0088,10.37,706.67
78827,697.06,0.0088,10.37,707.43
78828,697.81,0.0089,10.37,708.19
78829,699.19,0.0089,10.39,709.58
78830,699.94,0.0089,10.39,710.33
78831,700.72,0.0089,10.39,711.11
78832,701.49,0.0089,10.39,711.88
78833,702.81,0.0089,10.40,713.21
78834,703.58,0.0089,10.41,713.99
78835,704.35,0.0089,10.41,714.75
78836,705.11,0.0089,10.41,715.52
78837,706.46,0.0090,10.42,716.88
78838,707.20,0.0090,10.42,717.63
78839,707.98,0.0090,10.43,718.41
78840,708.74,0.0090,10.43,719.17
78841,710.13,0.0090,10.44,720.57
78842,710.92,0.0090,10.44,721.36
78843,711.69,0.0090,10.44,722.14
78844,712.45,0.0090,10.45,722.90
78845,713.82,0.0091,10.46,724.27
78846,714.61,0.0091,10.46,725.07
78847,715.38,0.0091,10.46,725.84
78848,716.15,0.0091,10.46,726.61
78849,717.53,0.0091,10.47,728.00
78850,718.31,0.0091,10.48,728.78
78851,719.08,0.0091,10.48,729.56
78852,719.83,0.0091,10.48,730.31
78853,721.22,0.0091,10.49,731.71
78854,721.99,0.0092,10.49,732.48
78855,722.77,0.0092,10.49,733.27
78856,723.52,0.0092,10.50,734.02
78857,724.94,0.0092,10.51,735.45
78858,725.74,0.0092,10.51,736.25
78859,726.55,0.0092,10.51,737.06
78860,727.31,0.0092,10.51,737.82
78861,728.71,0.0092,10.52,739.23
78862,729.49,0.0093,10.53,740.02
78863,730.27,0.0093,10.53,740.80
78864,731.02,0.0093,10.53,741.55
78865,732.44,0.0093,10.54,742.98
78866,733.28,0.0093,10.54,743.82
78867,734.11,0.0093,10.55,744.66
78868,735.49,0.0093,10.56,746.05
78869,736.29,0.0093,10.56,746.85
78870,737.06,0.0093,10.56,747.62
78871,737.83,0.0094,10.56,748.39
78872,739.15,0.0094,10.57,749.73
78873,739.92,0.0094,10.57,750.50
78874,740.68,0.0094,10.57,751.26
78875,741.45,0.0094,10.58,752.03
78876,742.84,0.0094,10.59,753.42
78877,743.61,0.0094,10.59,754.20
78878,744.40,0.0094,10.59,754.99
78879,745.18,0.0094,10.59,755.77
78880,746.55,0.0095,10.60,757.15
78881,747.35,0.0095,10.60,757.95
78882,748.10,0.0095,10.60,758.70
78883,748.89,0.0095,10.60,759.49
78884,750.23,0.0095,10.61,760.85
78885,751.00,0.0095,10.62,761.62
78886,751.78,0.0095,10.62,762.39
78887,752.53,0.0095,10.62,763.15
78888,753.92,0.0096,10.63,764.54
78889,754.68,0.0096,10.63,765.31
78890,755.46,0.0096,10.63,766.09
78891,756.20,0.0096,10.63,766.83
78892,757.59,0.0096,10.64,768.23
78893,758.38,0.0096,10.64,769.02
78894,759.16,0.0096,10.64,769.80
78895,759.90,0.0096,10.64,770.55
78896,761.26,0.0096,10.65,771.92
78897,762.05,0.0097,10.65,772.70
78898,762.84,0.0097,10.65,773.50
78899,763.59,0.0097,10.66,774.25
78900,765.02,0.0097,10.67,775.68
78901,765.79,0.0097,10.67,776.45
78902,766.57,0.0097,10.67,777.24
78903,767.33,0.0097,10.67,778.00
78904,768.70,0.0097,10.68,779.38
78905,769.48,0.0098,10.68,780.16
78906,770.26,0.0098,10.68,780.94
78907,771.01,0.0098,10.68,781.69
78908,772.44,0.0098,10.69,783.13
78909,773.24,0.0098,10.69,783.93
78910,774.01,0.0098,10.69,784.70
78911,775.38,0.0098,10.70,786.08
78912,776.16,0.0098,10.70,786.86
78913,776.95,0.0098,10.70,787.66
78914,777.71,0.0099,10.70,788.41
78915,779.08,0.0099,10.71,789.79
78916,779.88,0.0099,10.71,790.59
78917,780.69,0.0099,10.71,791.40
78918,781.49,0.0099,10.71,792.20
78919,782.88,0.0099,10.72,793.61
78920,783.66,0.0099,10.72,794.39
78921,784.44,0.0099,10.72,795.16
78922,785.21,0.0099,10.73,795.93
78923,786.60,0.0100,10.73,797.34
78924,787.41,0.0100,10.74,798.15
78925,788.22,0.0100,10.74,798.96
78926,789.01,0.0100,10.74,799.74
78927,790.38,0.0100,10.75,801.12
78928,791.18,0.0100,10.75,801.92
78929,791.96,0.0100,10.75,802.71
78930,792.86,0.0100,10.75,803.61
78931,795.00,0.0101,10.77,805.77
78932,796.46,0.0101,10.78,807.23
78933,798.06,0.0101,10.79,808.85
78934,799.64,0.0101,10.80,810.44
78935,801.80,0.0102,10.82,812.62
78936,803.28,0.0102,10.83,814.11
78937,804.89,0.0102,10.84,815.73
78938,806.48,0.0102,10.85,817.33
78939,808.59,0.0102,10.87,819.46
78940,810.03,0.0103,10.88,820.91
78941,811.67,0.0103,10.89,822.56
78942,813.23,0.0103,10.90,824.13
78943,815.32,0.0103,10.92,826.24
78944,816.80,0.0103,10.93,827.73
78945,818.36,0.0104,10.94,829.30
78946,819.90,0.0104,10.95,830.84
78947,821.98,0.0104,10.96,832.94
78948,823.42,0.0104,10.97,834.39
78949,825.00,0.0104,10.98,835.98
78950,827.17,0.0105,11.00,838.17
78951,828.63,0.0105,11.01,839.64
78952,830.21,0.0105,11.02,841.23
78953,831.85,0.0105,11.03,842.88
78954,834.02,0.0106,11.05,845.07
78955,835.50,0.0106,11.06,846.56
78956,836.53,0.0106,11.06,847.59
78957,837.33,0.0106,11.06,848.39
78958,838.72,0.0106,11.07,849.79
78959,839.49,0.0106,11.07,850.56
78960,840.26,0.0106,11.07,851.33
78961,841.04,0.0107,11.07,852.11
78962,842.43,0.0107,11.07,853.51
78963,843.18,0.0107,11.07,854.26
78964,843.95,0.0107,11.07,855.02
78965,844.69,0.0107,11.07,855.76
78966,846.09,0.0107,11.08,857.16
78967,846.86,0.0107,11.08,857.94
78968,847.67,0.0107,11.08,858.74
78969,848.43,0.0107,11.08,859.50
78970,849.79,0.0108,11.08,860.87
78971,850.57,0.0108,11.08,861.65
78972,851.34,0.0108,11.08,862.42
78973,852.11,0.0108,11.08,863.20
78974,853.49,0.0108,11.09,864.58
78975,854.26,0.0108,11.09,865.35
78976,855.07,0.0108,11.09,866.16
78977,855.81,0.0108,11.09,866.90
78978,857.16,0.0109,11.09,868.25
78979,857.94,0.0109,11.09,869.03
78980,858.70,0.0109,11.09,869.79
78981,859.46,0.0109,11.09,870.54
78982,860.85,0.0109,11.10,871.95
78983,861.62,0.0109,11.09,872.71
78984,862.39,0.0109,11.09,873.49
78985,863.16,0.0109,11.09,874.25
78986,864.57,0.0109,11.10,875.67
78987,865.34,0.0110,11.10,876.43
78988,866.13,0.0110,11.10,877.22
78989,866.93,0.0110,11.10,878.02
78990,868.38,0.0110,11.10,879.48
78991,869.15,0.0110,11.10,880.25
78992,869.95,0.0110,11.10,881.06
78993,871.31,0.0110,11.11,882.42
78994,872.14,0.0110,11.11,883.25
78995,872.95,0.0111,11.11,884.06
78996,873.75,0.0111,11.10,884.85
78997,875.12,0.0111,11.11,886.23
78998,875.91,0.0111,11.11,887.02
78999,876.68,0.0111,11.11,887.79
79000,877.45,0.0111,11.11,888.56
79001,878.82,0.0111,11.11,889.93
79002,879.58,0.0111,11.11,890.70
79003,880.37,0.0111,11.11,891.48
79004,881.11,0.0112,11.11,892.22
79005,882.49,0.0112,11.11,893.61
79006,883.28,0.0112,11.11,894.40
79007,884.07,0.0112,11.11,895.18
79008,884.87,0.0112,11.11,895.98
79009,886.26,0.0112,11.12,897.38
79010,887.10,0.0112,11.12,898.21
79011,887.87,0.0112,11.11,898.98
79012,888.65,0.0112,11.11,899.77
79013,890.17,0.0113,11.12,901.29
79014,891.70,0.0113,11.13,902.82
79015,893.32,0.0113,11.14,904.45
79016,894.51,0.0113,11.14,905.65
79017,895.99,0.0113,11.15,907.14
79018,896.82,0.0113,11.15,907.97
79019,897.63,0.0114,11.14,908.78
79020,898.48,0.0114,11.14,909.62
79021,899.93,0.0114,11.15,911.08
79022,900.74,0.0114,11.15,911.88
79023,901.56,0.0114,11.15,912.71
79024,902.33,0.0114,11.14,913.48
79025,903.76,0.0114,11.15,914.91
79026,904.57,0.0114,11.15,915.72
79027,905.40,0.0115,11.15,916.55
79028,906.15,0.0115,11.15,917.29
79029,907.59,0.0115,11.15,918.74
79030,908.42,0.0115,11.15,919.57
79031,909.25,0.0115,11.15,920.39
79032,910.59,0.0115,11.15,921.75
79033,912.64,0.0115,11.17,923.81
79034,914.13,0.0116,11.17,925.30
79035,915.73,0.0116,11.18,926.91
79036,917.90,0.0116,11.20,929.10
79037,919.39,0.0116,11.20,930.60
79038,920.99,0.0117,11.21,932.20
79039,922.60,0.0117,11.22,933.82
79040,924.77,0.0117,11.23,936.00
79041,926.26,0.0117,11.24,937.50
79042,927.89,0.0117,11.25,939.14
79043,929.49,0.0118,11.25,940.75
79044,931.62,0.0118,11.27,942.89
79045,933.13,0.0118,11.27,944.41
79046,934.76,0.0118,11.28,946.04
79047,936.38,0.0118,11.29,947.67
79048,938.49,0.0119,11.30,949.80
79049,939.96,0.0119,11.31,951.27
79050,941.56,0.0119,11.32,952.88
79051,943.16,0.0119,11.32,954.48
79052,945.28,0.0120,11.34,956.62
79053,946.76,0.0120,11.34,958.10
79054,948.41,0.0120,11.35,959.76
79055,949.99,0.0120,11.36,961.35
79056,952.13,0.0120,11.37,963.50
79057,953.62,0.0121,11.37,965.00
79058,955.24,0.0121,11.38,966.62
79059,956.83,0.0121,11.39,968.22
79060,958.95,0.0121,11.40,970.35
79061,960.42,0.0121,11.41,971.83
79062,962.05,0.0122,11.41,973.47
79063,963.60,0.0122,11.42,975.02
79064,965.72,0.0122,11.43,977.15
79065,967.20,0.0122,11.44,978.64
79066,968.81,0.0123,11.44,980.26
79067,970.38,0.0123,11.45,981.83
79068,972.47,0.0123,11.46,983.93
79069,973.96,0.0123,11.47,985.43
79070,975.56,0.0123,11.47,987.03
79071,977.13,0.0124,11.48,988.61
79072,979.21,0.0124,11.49,990.70
79073,980.72,0.0124,11.50,992.22
79074,982.36,0.0124,11.50,993.86
79075,984.54,0.0125,11.52,996.06
79076,986.02,0.0125,11.52,997.54
79077,987.61,0.0125,11.53,999.14
79078,989.21,0.0125,11.53,1000.74
79079,991.37,0.0125,11.55,1002.92
79080,992.84,0.0126,11.55,1004.39
79081,994.46,0.0126,11.56,1006.02
79082,996.07,0.0126,11.56,1007.63
79083,998.21,0.0126,11.57,1009.78
79084,999.69,0.0126,11.58,1011.27
79085,1001.29,0.0127,11.58,1012.87
79086,1002.90,0.0127,11.59,1014.49
79087,1005.06,0.0127,11.60,1016.66
79088,1006.55,0.0127,11.61,1018.16
79089,1008.16,0.0127,11.61,1019.77
79090,1009.78,0.0128,11.62,1021.40
79091,1011.92,0.0128,11.63,1023.55
79092,1013.40,0.0128,11.63,1025.03
79093,1015.05,0.0128,11.64,1026.69
79094,1016.65,0.0129,11.65,1028.29
79095,1018.77,0.0129,11.66,1030.43
79096,1020.24,0.0129,11.66,1031.90
79097,1021.86,0.0129,11.67,1033.53
79098,1023.47,0.0129,11.67,1035.14
79099,1025.61,0.0130,11.68,1037.29
79100,1027.12,0.0130,11.69,1038.81
79101,1028.74,0.0130,11.69,1040.43
79102,1030.34,0.0130,11.70,1042.04
79103,1032.44,0.0131,11.71,1044.15
79104,1033.94,0.0131,11.71,1045.65
79105,1035.58,0.0131,11.72,1047.30
79106,1037.16,0.0131,11.72,1048.88
79107,1039.26,0.0131,11.73,1050.99
79108,1040.74,0.0132,11.74,1052.47
79109,1042.33,0.0132,11.74,1054.07
79110,1043.92,0.0132,11.74,1055.66
79111,1046.02,0.0132,11.75,1057.77
79112,1047.51,0.0132,11.76,1059.27
79113,1049.12,0.0133,11.76,1060.88
79114,1050.80,0.0133,11.77,1062.57
79115,1052.86,0.0133,11.78,1064.63
79116,1054.25,0.0133,11.78,1066.03
79117,1055.78,0.0133,11.78,1067.57
79118,1057.90,0.0134,11.79,1069.69
79119,1059.30,0.0134,11.80,1071.09
79120,1060.79,0.0134,11.80,1072.59
79121,1062.33,0.0134,11.80,1074.13
79122,1064.39,0.0135,11.81,1076.20
79123,1065.80,0.0135,11.81,1077.62
79124,1067.35,0.0135,11.82,1079.16
79125,1068.87,0.0135,11.82,1080.69
79126,1070.97,0.0135,11.83,1082.80
79127,1072.37,0.0136,11.83,1084.20
79128,1073.88,0.0136,11.83,1085.71
79129,1075.42,0.0136,11.84,1087.25
79130,1077.49,0.0136,11.85,1089.33
79131,1078.71,0.0136,11.85,1090.56
79132,1079.52,0.0136,11.84,1091.37
79133,1080.30,0.0137,11.84,1092.13
79134,1081.67,0.0137,11.84,1093.51
79135,1082.43,0.0137,11.83,1094.26
79136,1083.19,0.0137,11.83,1095.02
79137,1083.96,0.0137,11.82,1095.78
79138,1085.31,0.0137,11.82,1097.13
79139,1086.08,0.0137,11.82,1097.90
79140,1086.86,0.0137,11.81,1098.67
79141,1087.62,0.0137,11.81,1099.43
79142,1088.99,0.0138,11.81,1100.79
79143,1089.77,0.0138,11.80,1101.58
79144,1090.55,0.0138,11.80,1102.34
79145,1091.30,0.0138,11.79,1103.09
79146,1092.65,0.0138,11.79,1104.44
79147,1093.41,0.0138,11.78,1105.19
79148,1094.18,0.0138,11.78,1105.96
79149,1094.93,0.0138,11.77,1106.70
79150,1096.31,0.0139,11.77,1108.08
79151,1097.08,0.0139,11.77,1108.85
79152,1097.84,0.0139,11.76,1109.60
79153,1098.58,0.0139,11.76,1110.34
79154,1099.94,0.0139,11.76,1111.70
79155,1100.70,0.0139,11.75,1112.45
79156,1101.47,0.0139,11.74,1113.21
79157,1102.22,0.0139,11.74,1113.95
79158,1103.61,0.0139,11.74,1115.35
79159,1104.45,0.0140,11.73,1116.18
79160,1105.28,0.0140,11.73,1117.00
79161,1106.66,0.0140,11.73,1118.39
79162,1107.47,0.0140,11.72,1119.19
79163,1108.29,0.0140,11.72,1120.00
79164,1109.09,0.0140,11.71,1120.80
79165,1110.47,0.0140,11.71,1122.18
79166,1111.27,0.0140,11.71,1122.97
79167,1112.07,0.0140,11.70,1123.77
79168,1112.86,0.0141,11.70,1124.55
79169,1114.24,0.0141,11.70,1125.93
79170,1115.05,0.0141,11.69,1126.74
79171,1115.86,0.0141,11.68,1127.54
79172,1116.66,0.0141,11.68,1128.33
79173,1118.04,0.0141,11.68,1129.71
79174,1118.83,0.0141,11.67,1130.50
79175,1119.63,0.0141,11.67,1131.29
79176,1120.41,0.0142,11.66,1132.07
79177,1121.80,0.0142,11.66,1133.46
79178,1122.60,0.0142,11.65,1134.26
79179,1123.40,0.0142,11.65,1135.05
79180,1124.20,0.0142,11.64,1135.85
79181,1125.59,0.0142,11.64,1137.24
79182,1126.40,0.0142,11.64,1138.04
79183,1127.17,0.0142,11.63,1138.80
79184,1127.97,0.0142,11.62,1139.60
79185,1129.39,0.0143,11.62,1141.01
79186,1130.19,0.0143,11.62,1141.80
79187,1131.01,0.0143,11.61,1142.62
79188,1131.78,0.0143,11.61,1143.38
79189,1133.17,0.0143,11.61,1144.77
79190,1133.98,0.0143,11.60,1145.57
79191,1134.79,0.0143,11.59,1146.38
79192,1135.57,0.0143,11.59,1147.15
79193,1136.99,0.0144,11.59,1148.57
79194,1137.80,0.0144,11.58,1149.38
79195,1138.59,0.0144,11.57,1150.17
79196,1139.36,0.0144,11.57,1150.92
79197,1140.76,0.0144,11.57,1152.32
79198,1141.56,0.0144,11.56,1153.12
79199,1142.35,0.0144,11.55,1153.90
79200,1143.72,0.0144,11.55,1155.27
79201,1144.53,0.0145,11.55,1156.07
79202,1145.32,0.0145,11.54,1156.86
79203,1146.11,0.0145,11.53,1157.64
79204,1147.47,0.0145,11.53,1159.00
79205,1148.25,0.0145,11.53,1159.77
79206,1149.03,0.0145,11.52,1160.55
79207,1149.82,0.0145,11.51,1161.34
79208,1151.19,0.0145,11.51,1162.70
79209,1151.99,0.0145,11.50,1163.50
79210,1152.78,0.0146,11.50,1164.28
79211,1153.57,0.0146,11.49,1165.06
79212,1154.96,0.0146,11.49,1166.45
79213,1155.76,0.0146,11.48,1167.25
79214,1156.55,0.0146,11.48,1168.03
79215,1157.34,0.0146,11.47,1168.81
79216,1158.73,0.0146,11.47,1170.20
79217,1159.52,0.0146,11.46,1170.98
79218,1160.32,0.0146,11.45,1171.78
79219,1161.12,0.0147,11.45,1172.57
79220,1162.49,0.0147,11.45,1173.94
79221,1163.30,0.0147,11.44,1174.74
79222,1164.10,0.0147,11.43,1175.54
79223,1164.90,0.0147,11.43,1176.33
79224,1166.27,0.0147,11.42,1177.70
79225,1167.07,0.0147,11.42,1178.49
79226,1167.86,0.0147,11.41,1179.27
79227,1168.64,0.0148,11.40,1180.05
79228,1170.04,0.0148,11.40,1181.44
79229,1170.84,0.0148,11.39,1182.24
79230,1171.63,0.0148,11.39,1183.02
79231,1172.41,0.0148,11.38,1183.79
79232,1173.80,0.0148,11.38,1185.18
79233,1174.59,0.0148,11.37,1185.96
79234,1175.39,0.0148,11.36,1186.76
79235,1176.18,0.0148,11.36,1187.54
79236,1177.59,0.0149,11.35,1188.95
79237,1178.39,0.0149,11.35,1189.74
79238,1179.19,0.0149,11.34,1190.53
79239,1179.97,0.0149,11.33,1191.30
79240,1181.38,0.0149,11.33,1192.71
79241,1182.18,0.0149,11.32,1193.51
79242,1182.96,0.0149,11.32,1194.28
79243,1184.32,0.0149,11.31,1195.64
79244,1185.13,0.0150,11.31,1196.44
79245,1185.94,0.0150,11.30,1197.24
79246,1186.73,0.0150,11.29,1198.02
79247,1188.10,0.0150,11.29,1199.39
79248,1188.89,0.0150,11.28,1200.17
79249,1189.70,0.0150,11.27,1200.98
79250,1190.49,0.0150,11.27,1201.76
79251,1191.85,0.0150,11.26,1203.12
79252,1192.64,0.0150,11.26,1203.90
79253,1193.43,0.0151,11.25,1204.68
79254,1194.23,0.0151,11.24,1205.47
79255,1195.59,0.0151,11.24,1206.83
79256,1196.38,0.0151,11.23,1207.61
79257,1197.19,0.0151,11.22,1208.42
79258,1197.99,0.0151,11.22,1209.20
79259,1199.34,0.0151,11.21,1210.55
79260,1200.14,0.0151,11.20,1211.35
79261,1200.95,0.0152,11.20,1212.15
79262,1201.75,0.0152,11.19,1212.94
79263,1203.14,0.0152,11.19,1214.33
79264,1203.92,0.0152,11.18,1215.10
79265,1204.76,0.0152,11.17,1215.93
79266,1205.54,0.0152,11.16,1216.70
79267,1206.92,0.0152,11.16,1218.08
79268,1207.73,0.0152,11.15,1218.88
79269,1208.59,0.0152,11.15,1219.74
79270,1209.39,0.0153,11.14,1220.53
79271,1210.79,0.0153,11.13,1221.93
79272,1211.65,0.0153,11.13,1222.77
79273,1212.48,0.0153,11.12,1223.60
79274,1213.27,0.0153,11.11,1224.38
79275,1214.70,0.0153,11.11,1225.81
79276,1215.53,0.0153,11.10,1226.63
79277,1216.33,0.0153,11.09,1227.42
79278,1217.11,0.0154,11.08,1228.20
79279,1218.55,0.0154,11.08,1229.63
79280,1219.36,0.0154,11.07,1230.43
79281,1220.18,0.0154,11.07,1231.25
79282,1220.96,0.0154,11.06,1232.02
79283,1222.38,0.0154,11.05,1233.44
79284,1223.20,0.0154,11.05,1234.25
79285,1223.98,0.0154,11.04,1235.02
79286,1225.40,0.0155,11.04,1236.43
79287,1226.20,0.0155,11.03,1237.23
79288,1227.05,0.0155,11.02,1238.07
79289,1227.89,0.0155,11.01,1238.91
79290,1229.29,0.0155,11.01,1240.30
79291,1230.09,0.0155,11.00,1241.09
79292,1230.90,0.0155,10.99,1241.89
79293,1231.71,0.0155,10.98,1242.69
79294,1233.10,0.0156,10.98,1244.08
79295,1233.91,0.0156,10.97,1244.88
79296,1234.71,0.0156,10.96,1245.67
79297,1235.51,0.0156,10.95,1246.47
79298,1236.90,0.0156,10.95,1247.85
79299,1237.76,0.0156,10.94,1248.70
79300,1238.58,0.0156,10.93,1249.51
79301,1239.37,0.0156,10.92,1250.30
79302,1240.77,0.0156,10.92,1251.69
79303,1241.56,0.0157,10.91,1252.47
79304,1242.37,0.0157,10.90,1253.27
79305,1243.17,0.0157,10.89,1254.06
79306,1244.58,0.0157,10.89,1255.47
79307,1245.39,0.0157,10.88,1256.27
79308,1246.19,0.0157,10.87,1257.06
79309,1246.98,0.0157,10.86,1257.84
79310,1248.39,0.0157,10.86,1259.25
79311,1249.19,0.0158,10.85,1260.04
79312,1250.00,0.0158,10.84,1260.84
79313,1250.79,0.0158,10.83,1261.63
79314,1252.18,0.0158,10.83,1263.01
79315,1253.03,0.0158,10.82,1263.85
79316,1253.83,0.0158,10.81,1264.64
79317,1254.61,0.0158,10.80,1265.41
79318,1256.01,0.0158,10.80,1266.81
79319,1256.82,0.0158,10.79,1267.61
79320,1257.61,0.0159,10.78,1268.39
79321,1258.38,0.0159,10.77,1269.15
79322,1259.80,0.0159,10.77,1270.57
79323,1260.60,0.0159,10.76,1271.36
79324,1261.41,0.0159,10.75,1272.16
79325,1262.77,0.0159,10.75,1273.52
79326,1263.61,0.0159,10.74,1274.35
79327,1264.42,0.0159,10.73,1275.15
79328,1265.25,0.0159,10.72,1275.97
79329,1266.62,0.0160,10.71,1277.33
79330,1267.42,0.0160,10.70,1278.12
79331,1268.23,0.0160,10.70,1278.92
79332,1269.03,0.0160,10.69,1279.72
79333,1270.41,0.0160,10.68,1281.09
79334,1271.24,0.0160,10.67,1281.91
79335,1272.05,0.0160,10.66,1282.71
79336,1272.87,0.0160,10.65,1283.52
79337,1274.29,0.0161,10.65,1284.94
79338,1275.05,0.0161,10.64,1285.69
79339,1275.80,0.0161,10.63,1286.43
79340,1276.56,0.0161,10.62,1287.18
79341,1277.89,0.0161,10.61,1288.50
79342,1278.66,0.0161,10.60,1289.26
79343,1279.46,0.0161,10.59,1290.05
79344,1280.27,0.0161,10.59,1290.86
79345,1281.64,0.0162,10.58,1292.22
79346,1282.45,0.0162,10.57,1293.03
79347,1283.25,0.0162,10.56,1293.81
79348,1284.05,0.0162,10.55,1294.60
79349,1285.46,0.0162,10.55,1296.00
79350,1286.23,0.0162,10.54,1296.76
79351,1287.01,0.0162,10.53,1297.53
79352,1287.78,0.0162,10.52,1298.30
79353,1289.19,0.0162,10.51,1299.71
79354,1289.98,0.0163,10.50,1300.48
79355,1290.77,0.0163,10.49,1301.26
79356,1291.55,0.0163,10.48,1302.03
79357,1292.94,0.0163,10.48,1303.41
79358,1293.70,0.0163,10.47,1304.16
79359,1294.47,0.0163,10.46,1304.92
79360,1295.20,0.0163,10.45,1305.65
79361,1296.58,0.0163,10.44,1307.02
79362,1297.37,0.0163,10.43,1307.80
79363,1298.15,0.0164,10.42,1308.57
79364,1298.90,0.0164,10.41,1309.31
79365,1300.27,0.0164,10.40,1310.68
79366,1301.04,0.0164,10.39,1311.44
79367,1301.81,0.0164,10.38,1312.19
79368,1303.14,0.0164,10.38,1313.51
79369,1303.89,0.0164,10.37,1314.25
79370,1304.65,0.0164,10.36,1315.01
79371,1305.42,0.0164,10.35,1315.76
79372,1306.75,0.0165,10.34,1317.09
79373,1307.56,0.0165,10.33,1317.89
79374,1308.40,0.0165,10.32,1318.72
79375,1309.24,0.0165,10.31,1319.55
79376,1310.60,0.0165,10.30,1320.90
79377,1311.39,0.0165,10.29,1321.68
79378,1312.23,0.0165,10.28,1322.51
79379,1313.04,0.0165,10.27,1323.31
79380,1314.44,0.0166,10.27,1324.71
79381,1315.25,0.0166,10.26,1325.51
79382,1316.06,0.0166,10.25,1326.30
79383,1316.83,0.0166,10.23,1327.06
79384,1318.47,0.0166,10.23,1328.70
79385,1319.91,0.0166,10.23,1330.13
79386,1321.45,0.0166,10.22,1331.67
79387,1323.09,0.0167,10.22,1333.30
79388,1325.24,0.0167,10.22,1335.45
79389,1326.70,0.0167,10.21,1336.91
79390,1328.33,0.0167,10.21,1338.53
79391,1329.93,0.0168,10.20,1340.14
79392,1332.11,0.0168,10.20,1342.32
79393,1333.57,0.0168,10.20,1343.77
79394,1335.20,0.0168,10.19,1345.39
79395,1336.80,0.0168,10.19,1346.98
79396,1338.93,0.0169,10.19,1349.11
79397,1340.43,0.0169,10.18,1350.61
79398,1341.99,0.0169,10.18,1352.17
79399,1343.59,0.0169,10.17,1353.76
79400,1345.81,0.0169,10.17,1355.98
79401,1347.36,0.0170,10.16,1357.52
79402,1349.04,0.0170,10.16,1359.20
79403,1350.66,0.0170,10.16,1360.81
79404,1352.92,0.0170,10.15,1363.07
79405,1354.52,0.0171,10.15,1364.67
79406,1356.26,0.0171,10.15,1366.40
79407,1357.90,0.0171,10.14,1368.04
79408,1360.06,0.0171,10.14,1370.19
79409,1361.63,0.0171,10.13,1371.76
79410,1363.35,0.0172,10.13,1373.47
79411,1365.60,0.0172,10.13,1375.72
79412,1367.14,0.0172,10.12,1377.26
79413,1368.85,0.0172,10.12,1378.96
79414,1370.59,0.0173,10.11,1380.70
79415,1372.88,0.0173,10.11,1382.99
79416,1374.44,0.0173,10.11,1384.55
79417,1376.14,0.0173,10.10,1386.24
79418,1377.85,0.0173,10.10,1387.95
79419,1380.02,0.0174,10.10,1390.12
79420,1381.57,0.0174,10.09,1391.66
79421,1383.29,0.0174,10.08,1393.37
79422,1384.99,0.0174,10.08,1395.07
79423,1387.20,0.0175,10.08,1397.28
79424,1388.75,0.0175,10.07,1398.83
79425,1390.44,0.0175,10.07,1400.51
79426,1392.05,0.0175,10.06,1402.11
79427,1394.19,0.0176,10.06,1404.25
79428,1395.61,0.0176,10.05,1405.66
79429,1397.22,0.0176,10.04,1407.27
79430,1398.77,0.0176,10.04,1408.81
79431,1400.88,0.0176,10.04,1410.91
79432,1402.36,0.0177,10.03,1412.39
79433,1403.95,0.0177,10.02,1413.97
79434,1405.54,0.0177,10.02,1415.55
79435,1407.69,0.0177,10.01,1417.70
79436,1409.14,0.0177,10.01,1419.15
79437,1410.75,0.0178,10.00,1420.75
79438,1412.30,0.0178,9.99,1422.29
79439,1414.43,0.0178,9.99,1424.41
79440,1415.87,0.0178,9.98,1425.85
79441,1417.47,0.0178,9.97,1427.45
79442,1419.03,0.0179,9.97,1429.00
79443,1421.12,0.0179,9.96,1431.08
79444,1422.57,0.0179,9.96,1432.53
79445,1424.19,0.0179,9.95,1434.14
79446,1425.70,0.0179,9.94,1435.65
79447,1427.81,0.0180,9.94,1437.74
79448,1429.26,0.0180,9.93,1439.19
79449,1430.85,0.0180,9.92,1440.78
79450,1433.01,0.0180,9.92,1442.93
79451,1434.46,0.0181,9.91,1444.37
79452,1436.03,0.0181,9.90,1445.94
79453,1437.63,0.0181,9.90,1447.53
79454,1439.78,0.0181,9.89,1449.68
79455,1441.24,0.0181,9.89,1451.13
79456,1442.79,0.0182,9.88,1452.67
79457,1444.37,0.0182,9.87,1454.24
79458,1446.50,0.0182,9.87,1456.37
79459,1447.94,0.0182,9.86,1457.80
79460,1449.47,0.0182,9.85,1459.32
79461,1451.06,0.0183,9.84,1460.90
79462,1453.19,0.0183,9.84,1463.03
79463,1454.64,0.0183,9.83,1464.48
79464,1456.26,0.0183,9.82,1466.09
79465,1457.85,0.0183,9.81,1467.66
79466,1459.95,0.0184,9.81,1469.76
79467,1461.42,0.0184,9.80,1471.22
79468,1463.04,0.0184,9.79,1472.84
79469,1464.63,0.0184,9.79,1474.41
79470,1466.77,0.0185,9.78,1476.55
79471,1468.27,0.0185,9.77,1478.04
79472,1469.89,0.0185,9.77,1479.66
79473,1471.59,0.0185,9.76,1481.35
79474,1473.76,0.0185,9.75,1483.52
79475,1475.34,0.0186,9.75,1485.09
79476,1477.09,0.0186,9.74,1486.83
79477,1478.77,0.0186,9.73,1488.50
79478,1480.69,0.0186,9.72,1490.42
79479,1481.49,0.0186,9.71,1491.21
79480,1482.30,0.0186,9.70,1492.00
79481,1483.09,0.0187,9.68,1492.78
79482,1484.51,0.0187,9.67,1494.18
79483,1485.37,0.0187,9.66,1495.03
79484,1486.17,0.0187,9.65,1495.82
79485,1486.94,0.0187,9.63,1496.57
79486,1488.65,0.0187,9.63,1498.28
79487,1490.22,0.0187,9.62,1499.84
79488,1492.00,0.0188,9.61,1501.61
79489,1493.69,0.0188,9.60,1503.29
79490,1495.88,0.0188,9.60,1505.48
79491,1497.47,0.0188,9.59,1507.06
79492,1499.22,0.0189,9.58,1508.80
79493,1501.46,0.0189,9.58,1511.04
79494,1503.03,0.0189,9.57,1512.60
79495,1504.70,0.0189,9.56,1514.26
79496,1506.46,0.0190,9.55,1516.01
79497,1508.73,0.0190,9.55,1518.28
79498,1510.29,0.0190,9.54,1519.83
79499,1512.02,0.0190,9.53,1521.55
79500,1513.72,0.0190,9.52,1523.24
79501,1515.97,0.0191,9.52,1525.49
79502,1517.53,0.0191,9.51,1527.04
79503,1519.30,0.0191,9.50,1528.80
79504,1521.02,0.0191,9.49,1530.51
79505,1523.31,0.0192,9.48,1532.79
79506,1524.87,0.0192,9.47,1534.34
79507,1526.61,0.0192,9.47,1536.08
79508,1528.32,0.0192,9.46,1537.78
79509,1530.53,0.0192,9.45,1539.98
79510,1532.10,0.0193,9.44,1541.54
79511,1533.83,0.0193,9.43,1543.26
79512,1535.53,0.0193,9.42,1544.95
79513,1537.74,0.0193,9.42,1547.15
79514,1539.31,0.0194,9.41,1548.72
79515,1541.02,0.0194,9.40,1550.42
79516,1542.69,0.0194,9.39,1552.08
79517,1544.93,0.0194,9.38,1554.31
79518,1546.51,0.0194,9.37,1555.88
79519,1548.17,0.0195,9.36,1557.54
79520,1549.80,0.0195,9.35,1559.15
79521,1551.97,0.0195,9.35,1561.31
79522,1553.52,0.0195,9.34,1562.86
79523,1555.20,0.0196,9.33,1564.53
79524,1556.87,0.0196,9.32,1566.19
79525,1559.05,0.0196,9.31,1568.36
79526,1560.59,0.0196,9.30,1569.89
79527,1562.27,0.0196,9.29,1571.56
79528,1563.90,0.0197,9.28,1573.18
79529,1566.09,0.0197,9.27,1575.36
79530,1567.68,0.0197,9.26,1576.94
79531,1569.35,0.0197,9.25,1578.61
79532,1570.98,0.0198,9.24,1580.22
79533,1573.22,0.0198,9.24,1582.46
79534,1574.78,0.0198,9.23,1584.00
79535,1576.50,0.0198,9.22,1585.71
79536,1578.78,0.0198,9.21,1587.99
79537,1580.26,0.0199,9.20,1589.46
79538,1581.90,0.0199,9.19,1591.09
79539,1583.59,0.0199,9.18,1592.77
79540,1585.82,0.0199,9.17,1594.99
79541,1587.36,0.0200,9.16,1596.52
79542,1589.07,0.0200,9.15,1598.22
79543,1590.74,0.0200,9.14,1599.88
79544,1592.95,0.0200,9.13,1602.08
79545,1594.48,0.0200,9.12,1603.60
79546,1596.20,0.0201,9.11,1605.31
79547,1597.93,0.0201,9.10,1607.03
79548,1600.07,0.0201,9.09,1609.16
79549,1601.61,0.0201,9.08,1610.69
79550,1603.27,0.0202,9.07,1612.34
79551,1604.95,0.0202,9.06,1614.00
79552,1607.14,0.0202,9.05,1616.19
79553,1608.70,0.0202,9.04,1617.73
79554,1610.41,0.0202,9.03,1619.44
79555,1612.10,0.0203,9.02,1621.12
79556,1614.29,0.0203,9.01,1623.29
79557,1615.85,0.0203,9.00,1624.84
79558,1617.52,0.0203,8.99,1626.50
79559,1619.20,0.0204,8.98,1628.17
79560,1621.39,0.0204,8.97,1630.35
79561,1623.00,0.0204,8.96,1631.95
79562,1624.70,0.0204,8.94,1633.64
79563,1626.38,0.0204,8.93,1635.31
79564,1628.58,0.0205,8.92,1637.51
79565,1630.17,0.0205,8.91,1639.08
79566,1631.85,0.0205,8.90,1640.76
79567,1633.56,0.0205,8.89,1642.45
79568,1635.77,0.0206,8.88,1644.66
79569,1637.34,0.0206,8.87,1646.21
79570,1639.05,0.0206,8.86,1647.91
79571,1640.59,0.0206,8.85,1649.43
79572,1642.04,0.0206,8.83,1650.87
79573,1642.83,0.0206,8.82,1651.65
79574,1643.58,0.0207,8.80,1652.38
79575,1644.97,0.0207,8.79,1653.76
79576,1645.94,0.0207,8.77,1654.71
79577,1646.72,0.0207,8.75,1655.47
79578,1647.49,0.0207,8.74,1656.23
79579,1648.90,0.0207,8.72,1657.62
79580,1649.67,0.0207,8.71,1658.38
79581,1650.47,0.0207,8.69,1659.16
79582,1651.25,0.0207,8.67,1659.92
79583,1652.64,0.0208,8.66,1661.30
79584,1653.40,0.0208,8.64,1662.05
79585,1654.20,0.0208,8.63,1662.83
79586,1655.00,0.0208,8.61,1663.61
79587,1656.40,0.0208,8.60,1664.99
79588,1657.16,0.0208,8.58,1665.74
79589,1657.96,0.0208,8.56,1666.52
79590,1658.74,0.0208,8.54,1667.29
79591,1660.13,0.0209,8.53,1668.66
79592,1660.93,0.0209,8.51,1669.45
79593,1661.71,0.0209,8.50,1670.21
79594,1662.50,0.0209,8.48,1670.98
79595,1663.91,0.0209,8.47,1672.38
79596,1664.69,0.0209,8.45,1673.14
79597,1665.48,0.0209,8.43,1673.91
79598,1666.23,0.0209,8.42,1674.64
79599,1667.64,0.0210,8.40,1676.04
79600,1668.44,0.0210,8.38,1676.82
79601,1669.19,0.0210,8.37,1677.56
79602,1669.99,0.0210,8.35,1678.34
79603,1671.38,0.0210,8.34,1679.72
79604,1672.14,0.0210,8.32,1680.46
79605,1672.92,0.0210,8.30,1681.22
79606,1673.69,0.0210,8.28,1681.98
79607,1675.03,0.0210,8.27,1683.30
79608,1675.81,0.0211,8.25,1684.06
79609,1676.58,0.0211,8.23,1684.81
79610,1677.34,0.0211,8.22,1685.56
79611,1678.76,0.0211,8.20,1686.96
79612,1679.52,0.0211,8.19,1687.71
79613,1680.30,0.0211,8.17,1688.46
79614,1681.03,0.0211,8.15,1689.18
79615,1682.43,0.0211,8.14,1690.57
79616,1683.21,0.0211,8.12,1691.32
79617,1684.01,0.0212,8.10,1692.11
79618,1685.38,0.0212,8.09,1693.47
79619,1686.29,0.0212,8.07,1694.36
79620,1687.07,0.0212,8.05,1695.12
79621,1687.84,0.0212,8.03,1695.88
79622,1689.22,0.0212,8.02,1697.24
79623,1690.00,0.0212,8.00,1698.00
79624,1690.80,0.0212,7.98,1698.79
79625,1691.58,0.0212,7.97,1699.55
79626,1692.98,0.0213,7.95,1700.93
79627,1693.76,0.0213,7.93,1701.69
79628,1694.55,0.0213,7.92,1702.47
79629,1695.33,0.0213,7.90,1703.23
79630,1696.70,0.0213,7.88,1704.58
79631,1697.49,0.0213,7.87,1705.36
79632,1698.28,0.0213,7.85,1706.12
79633,1699.06,0.0213,7.83,1706.89
79634,1700.44,0.0214,7.82,1708.25
79635,1701.23,0.0214,7.80,1709.02
79636,1702.02,0.0214,7.78,1709.80
79637,1702.80,0.0214,7.76,1710.56
79638,1704.18,0.0214,7.75,1711.93
79639,1704.98,0.0214,7.73,1712.71
79640,1705.78,0.0214,7.71,1713.50
79641,1706.54,0.0214,7.69,1714.23
79642,1707.92,0.0214,7.68,1715.60
79643,1708.68,0.0215,7.66,1716.34
79644,1709.46,0.0215,7.64,1717.10
79645,1710.22,0.0215,7.62,1717.85
79646,1711.62,0.0215,7.61,1719.23
79647,1712.41,0.0215,7.59,1720.00
79648,1713.19,0.0215,7.57,1720.76
79649,1713.93,0.0215,7.55,1721.49
79650,1715.33,0.0215,7.54,1722.87
79651,1716.10,0.0215,7.52,1723.62
79652,1716.88,0.0216,7.50,1724.38
79653,1717.64,0.0216,7.48,1725.12
79654,1719.07,0.0216,7.47,1726.53
79655,1719.89,0.0216,7.45,1727.34
79656,1720.69,0.0216,7.43,1728.12
79657,1721.45,0.0216,7.41,1728.86
79658,1722.84,0.0216,7.40,1730.24
79659,1723.64,0.0216,7.38,1731.02
79660,1724.41,0.0216,7.36,1731.77
79661,1725.76,0.0217,7.34,1733.10
79662,1726.57,0.0217,7.33,1733.90
79663,1727.38,0.0217,7.31,1734.68
79664,1728.18,0.0217,7.29,1735.47
79665,1729.57,0.0217,7.27,1736.85
79666,1730.37,0.0217,7.25,1737.63
79667,1731.17,0.0217,7.24,1738.41
79668,1731.95,0.0217,7.22,1739.16
79669,1733.33,0.0218,7.20,1740.53
79670,1734.12,0.0218,7.18,1741.31
79671,1734.93,0.0218,7.16,1742.10
79672,1735.70,0.0218,7.15,1742.85
79673,1737.09,0.0218,7.13,1744.22
79674,1737.89,0.0218,7.11,1745.00
79675,1738.67,0.0218,7.09,1745.76
79676,1739.43,0.0218,7.07,1746.50
79677,1740.84,0.0218,7.06,1747.90
79678,1741.64,0.0219,7.04,1748.68
79679,1742.44,0.0219,7.02,1749.46
79680,1743.20,0.0219,7.00,1750.20
79681,1744.58,0.0219,6.98,1751.56
79682,1745.38,0.0219,6.97,1752.34
79683,1746.15,0.0219,6.95,1753.10
79684,1746.92,0.0219,6.93,1753.85
79685,1748.30,0.0219,6.91,1755.22
79686,1749.10,0.0219,6.89,1755.99
79687,1749.84,0.0220,6.87,1756.71
79688,1750.60,0.0220,6.85,1757.45
79689,1751.97,0.0220,6.84,1758.81
79690,1752.75,0.0220,6.82,1759.57
79691,1753.54,0.0220,6.80,1760.34
79692,1754.31,0.0220,6.78,1761.09
79693,1755.71,0.0220,6.76,1762.48
79694,1756.50,0.0220,6.74,1763.25
79695,1757.29,0.0221,6.73,1764.01
79696,1758.05,0.0221,6.71,1764.76
79697,1759.46,0.0221,6.69,1766.15
79698,1760.22,0.0221,6.67,1766.89
79699,1761.01,0.0221,6.65,1767.66
79700,1762.36,0.0221,6.63,1769.00
79701,1763.14,0.0221,6.61,1769.75
79702,1763.93,0.0221,6.60,1770.53
79703,1764.70,0.0221,6.58,1771.28
79704,1766.09,0.0222,6.56,1772.65
79705,1766.86,0.0222,6.54,1773.40
79706,1767.66,0.0222,6.52,1774.18
79707,1768.45,0.0222,6.50,1774.95
79708,1769.80,0.0222,6.48,1776.28
79709,1770.58,0.0222,6.46,1777.05
79710,1771.39,0.0222,6.44,1777.83
79711,1772.16,0.0222,6.43,1778.58
79712,1773.52,0.0222,6.41,1779.93
79713,1774.30,0.0223,6.39,1780.69
79714,1775.09,0.0223,6.37,1781.46
79715,1775.87,0.0223,6.35,1782.22
79716,1777.26,0.0223,6.33,1783.59
79717,1778.05,0.0223,6.31,1784.37
79718,1778.89,0.0223,6.29,1785.18
79719,1779.68,0.0223,6.27,1785.95
79720,1781.06,0.0223,6.26,1787.32
79721,1781.85,0.0224,6.24,1788.08
79722,1782.63,0.0224,6.22,1788.85
79723,1783.43,0.0224,6.20,1789.63
79724,1784.80,0.0224,6.18,1790.97
79725,1785.60,0.0224,6.16,1791.76
79726,1786.39,0.0224,6.14,1792.53
79727,1787.14,0.0224,6.12,1793.26
79728,1788.54,0.0224,6.10,1794.64
79729,1789.33,0.0224,6.08,1795.41
79730,1790.12,0.0225,6.06,1796.18
79731,1790.89,0.0225,6.04,1796.93
79732,1792.29,0.0225,6.02,1798.31
79733,1793.06,0.0225,6.00,1799.06
79734,1793.84,0.0225,5.98,1799.82
79735,1794.59,0.0225,5.96,1800.56
79736,1795.99,0.0225,5.95,1801.94
79737,1796.79,0.0225,5.93,1802.71
79738,1797.57,0.0225,5.91,1803.48
79739,1798.31,0.0226,5.89,1804.20
79740,1799.74,0.0226,5.87,1805.61
79741,1800.54,0.0226,5.85,1806.39
79742,1801.34,0.0226,5.83,1807.16
79743,1802.68,0.0226,5.81,1808.49
79744,1803.46,0.0226,5.79,1809.25
79745,1804.27,0.0226,5.77,1810.04
79746,1805.06,0.0226,5.75,1810.81
79747,1806.43,0.0227,5.73,1812.16
79748,1807.21,0.0227,5.71,1812.92
79749,1807.99,0.0227,5.69,1813.68
79750,1808.79,0.0227,5.67,1814.46
79751,1810.15,0.0227,5.65,1815.80
79752,1810.92,0.0227,5.63,1816.55
79753,1811.71,0.0227,5.61,1817.32
79754,1812.50,0.0227,5.59,1818.09
79755,1813.88,0.0227,5.57,1819.45
79756,1814.70,0.0228,5.55,1820.25
79757,1815.51,0.0228,5.53,1821.04
79758,1816.27,0.0228,5.51,1821.78
79759,1817.66,0.0228,5.49,1823.15
79760,1818.43,0.0228,5.47,1823.90
79761,1819.20,0.0228,5.45,1824.65
79762,1819.98,0.0228,5.43,1825.41
79763,1821.38,0.0228,5.41,1826.79
79764,1822.15,0.0228,5.39,1827.54
79765,1822.94,0.0229,5.37,1828.31
79766,1823.69,0.0229,5.35,1829.04
79767,1825.09,0.0229,5.33,1830.42
79768,1825.85,0.0229,5.31,1831.16
79769,1826.66,0.0229,5.29,1831.95
79770,1827.41,0.0229,5.27,1832.68
79771,1828.80,0.0229,5.25,1834.05
79772,1829.59,0.0229,5.23,1834.82
79773,1830.37,0.0229,5.21,1835.58
79774,1831.13,0.0230,5.19,1836.32
79775,1832.51,0.0230,5.17,1837.68
79776,1833.30,0.0230,5.15,1838.45
79777,1834.08,0.0230,5.13,1839.21
79778,1834.82,0.0230,5.11,1839.93
79779,1836.23,0.0230,5.09,1841.32
79780,1837.04,0.0230,5.07,1842.11
79781,1837.82,0.0230,5.04,1842.86
79782,1838.57,0.0230,5.02,1843.59
79783,1839.99,0.0231,5.00,1844.99
79784,1840.77,0.0231,4.98,1845.76
79785,1841.56,0.0231,4.96,1846.52
79786,1842.93,0.0231,4.94,1847.87
79787,1843.69,0.0231,4.92,1848.61
79788,1844.47,0.0231,4.90,1849.37
79789,1845.27,0.0231,4.88,1850.15
79790,1846.68,0.0231,4.86,1851.54
79791,1847.45,0.0232,4.84,1852.29
79792,1848.22,0.0232,4.82,1853.03
79793,1848.97,0.0232,4.80,1853.76
79794,1850.35,0.0232,4.78,1855.13
79795,1851.12,0.0232,4.76,1855.88
79796,1851.92,0.0232,4.73,1856.65
79797,1852.69,0.0232,4.71,1857.40
79798,1854.06,0.0232,4.69,1858.76
79799,1854.83,0.0232,4.67,1859.51
79800,1855.59,0.0233,4.65,1860.24
79801,1856.36,0.0233,4.63,1860.98
79802,1857.74,0.0233,4.61,1862.35
79803,1858.51,0.0233,4.59,1863.10
79804,1859.30,0.0233,4.57,1863.86
79805,1860.05,0.0233,4.54,1864.60
79806,1861.44,0.0233,4.52,1865.97
79807,1862.22,0.0233,4.50,1866.72
79808,1863.02,0.0233,4.48,1867.50
79809,1863.78,0.0234,4.46,1868.24
79810,1865.16,0.0234,4.44,1869.60
79811,1865.95,0.0234,4.42,1870.37
79812,1866.71,0.0234,4.40,1871.10
79813,1867.49,0.0234,4.38,1871.86
79814,1868.90,0.0234,4.36,1873.26
79815,1869.69,0.0234,4.33,1874.02
79816,1870.47,0.0234,4.31,1874.78
79817,1871.20,0.0234,4.29,1875.49
79818,1872.58,0.0235,4.27,1876.85
79819,1873.37,0.0235,4.25,1877.61
79820,1874.15,0.0235,4.23,1878.37
79821,1874.91,0.0235,4.20,1879.11
79822,1876.30,0.0235,4.18,1880.49
79823,1877.09,0.0235,4.16,1881.26
79824,1877.88,0.0235,4.14,1882.02
79825,1879.25,0.0235,4.12,1883.37
79826,1880.04,0.0236,4.10,1884.14
79827,1880.84,0.0236,4.08,1884.91
79828,1881.63,0.0236,4.05,1885.69
79829,1883.03,0.0236,4.03,1887.07
79830,1883.81,0.0236,4.01,1887.82
79831,1884.64,0.0236,3.99,1888.63
79832,1885.44,0.0236,3.97,1889.40
79833,1886.84,0.0236,3.95,1890.79
79834,1887.67,0.0236,3.93,1891.60
79835,1888.50,0.0237,3.90,1892.40
79836,1889.31,0.0237,3.88,1893.19
79837,1890.73,0.0237,3.86,1894.59
79838,1891.82,0.0237,3.84,1895.66
79839,1893.51,0.0237,3.82,1897.33
79840,1895.22,0.0237,3.80,1899.02
79841,1897.44,0.0238,3.78,1901.22
79842,1898.95,0.0238,3.76,1902.70
79843,1900.61,0.0238,3.74,1904.35
79844,1902.22,0.0238,3.72,1905.94
79845,1904.37,0.0239,3.70,1908.06
79846,1905.90,0.0239,3.68,1909.58
79847,1907.62,0.0239,3.66,1911.28
79848,1909.30,0.0239,3.63,1912.94
79849,1911.46,0.0239,3.61,1915.07
79850,1912.99,0.0240,3.59,1916.59
79851,1914.74,0.0240,3.57,1918.32
79852,1916.44,0.0240,3.55,1920.00
79853,1918.65,0.0240,3.53,1922.18
79854,1920.18,0.0240,3.51,1923.69
79855,1921.91,0.0241,3.49,1925.40
79856,1923.58,0.0241,3.47,1927.05
79857,1925.76,0.0241,3.45,1929.21
79858,1927.30,0.0241,3.43,1930.73
79859,1929.04,0.0242,3.41,1932.45
79860,1930.73,0.0242,3.38,1934.12
79861,1932.89,0.0242,3.36,1936.26
79862,1934.43,0.0242,3.34,1937.78
79863,1936.13,0.0242,3.32,1939.45
79864,1937.77,0.0243,3.30,1941.07
79865,1939.94,0.0243,3.28,1943.22
79866,1941.47,0.0243,3.26,1944.73
79867,1943.12,0.0243,3.24,1946.35
79868,1945.28,0.0244,3.22,1948.50
79869,1946.76,0.0244,3.19,1949.95
79870,1948.36,0.0244,3.17,1951.53
79871,1949.99,0.0244,3.15,1953.14
79872,1952.23,0.0244,3.13,1955.36
79873,1953.73,0.0245,3.11,1956.84
79874,1955.38,0.0245,3.08,1958.46
79875,1957.01,0.0245,3.06,1960.08
79876,1959.14,0.0245,3.04,1962.18
79877,1960.62,0.0245,3.02,1963.64
79878,1962.17,0.0246,3.00,1965.17
79879,1963.79,0.0246,2.97,1966.76
79880,1965.98,0.0246,2.95,1968.93
79881,1967.49,0.0246,2.93,1970.43
79882,1968.52,0.0246,2.91,1971.43
79883,1969.31,0.0247,2.88,1972.19
79884,1970.70,0.0247,2.86,1973.56
79885,1971.48,0.0247,2.84,1974.32
79886,1972.27,0.0247,2.81,1975.09
79887,1973.03,0.0247,2.79,1975.82
79888,1974.41,0.0247,2.77,1977.17
79889,1975.16,0.0247,2.74,1977.90
79890,1975.95,0.0247,2.72,1978.67
79891,1976.73,0.0247,2.70,1979.43
79892,1978.10,0.0248,2.67,1980.77
79893,1978.89,0.0248,2.65,1981.54
79894,1979.68,0.0248,2.63,1982.30
79895,1980.45,0.0248,2.60,1983.05
79896,1981.83,0.0248,2.58,1984.41
79897,1982.65,0.0248,2.56,1985.21
79898,1983.44,0.0248,2.53,1985.97
79899,1984.20,0.0248,2.51,1986.71
79900,1985.62,0.0249,2.49,1988.11
79901,1986.43,0.0249,2.46,1988.89
79902,1987.22,0.0249,2.44,1989.66
79903,1987.97,0.0249,2.41,1990.38
79904,1989.38,0.0249,2.39,1991.77
79905,1990.15,0.0249,2.37,1992.52
79906,1990.94,0.0249,2.34,1993.28
79907,1991.68,0.0249,2.32,1994.00
79908,1993.08,0.0249,2.29,1995.38
79909,1993.91,0.0250,2.27,1996.18
79910,1994.69,0.0250,2.25,1996.94
79911,1996.08,0.0250,2.22,1998.30
79912,1996.88,0.0250,2.20,1999.08
79913,1997.67,0.0250,2.17,1999.85
79914,1998.45,0.0250,2.15,2000.60
79915,1999.82,0.0250,2.13,2001.94
79916,2000.60,0.0250,2.10,2002.70
79917,2001.39,0.0250,2.08,2003.47
79918,2002.16,0.0251,2.05,2004.22
79919,2003.55,0.0251,2.03,2005.58
79920,2004.35,0.0251,2.01,2006.36
79921,2005.14,0.0251,1.98,2007.12
79922,2005.94,0.0251,1.96,2007.89
79923,2007.32,0.0251,1.93,2009.25
79924,2008.13,0.0251,1.91,2010.03
79925,2008.91,0.0251,1.89,2010.79
79926,2009.74,0.0251,1.86,2011.60
79927,2011.10,0.0252,1.84,2012.94
79928,2011.90,0.0252,1.81,2013.71
79929,2012.68,0.0252,1.79,2014.46
79930,2013.44,0.0252,1.76,2015.21
79931,2014.83,0.0252,1.74,2016.57
79932,2015.62,0.0252,1.71,2017.33
79933,2016.41,0.0252,1.69,2018.10
79934,2017.18,0.0252,1.67,2018.84
79935,2018.58,0.0253,1.64,2020.22
79936,2019.37,0.0253,1.62,2020.99
79937,2020.17,0.0253,1.59,2021.76
79938,2020.93,0.0253,1.57,2022.50
79939,2022.30,0.0253,1.54,2023.85
79940,2023.10,0.0253,1.52,2024.62
79941,2023.88,0.0253,1.49,2025.37
79942,2024.65,0.0253,1.47,2026.12
79943,2026.01,0.0253,1.44,2027.46
79944,2026.83,0.0254,1.42,2028.25
79945,2027.62,0.0254,1.39,2029.02
79946,2028.41,0.0254,1.37,2029.78
79947,2029.81,0.0254,1.35,2031.16
79948,2030.60,0.0254,1.32,2031.92
79949,2031.43,0.0254,1.30,2032.72
79950,2032.84,0.0254,1.27,2034.11
79951,2033.63,0.0254,1.25,2034.88
79952,2034.44,0.0254,1.22,2035.66
79953,2035.22,0.0255,1.20,2036.41
79954,2036.60,0.0255,1.17,2037.77
79955,2037.37,0.0255,1.15,2038.52
79956,2038.14,0.0255,1.12,2039.27
79957,2038.96,0.0255,1.10,2040.06
79958,2040.34,0.0255,1.07,2041.42
79959,2041.13,0.0255,1.05,2042.18
79960,2041.95,0.0255,1.02,2042.97
79961,2042.74,0.0255,1.00,2043.73
79962,2044.13,0.0256,0.97,2045.10
79963,2044.93,0.0256,0.95,2045.88
79964,2045.71,0.0256,0.92,2046.63
79965,2046.48,0.0256,0.90,2047.38
79966,2047.88,0.0256,0.87,2048.75
79967,2048.69,0.0256,0.85,2049.53
79968,2049.49,0.0256,0.82,2050.31
79969,2050.27,0.0256,0.79,2051.06
79970,2051.66,0.0257,0.77,2052.43
79971,2052.46,0.0257,0.74,2053.20
79972,2053.27,0.0257,0.72,2053.99
79973,2054.05,0.0257,0.69,2054.75
79974,2055.47,0.0257,0.67,2056.14
79975,2056.26,0.0257,0.64,2056.90
79976,2057.07,0.0257,0.62,2057.69
79977,2057.83,0.0257,0.59,2058.42
79978,2059.22,0.0257,0.57,2059.78
79979,2060.01,0.0258,0.54,2060.55
79980,2060.80,0.0258,0.52,2061.32
79981,2061.59,0.0258,0.49,2062.08
79982,2062.98,0.0258,0.46,2063.44
79983,2063.76,0.0258,0.44,2064.20
79984,2064.55,0.0258,0.41,2064.97
79985,2065.31,0.0258,0.39,2065.70
79986,2066.72,0.0258,0.36,2067.08
79987,2067.49,0.0258,0.34,2067.83
79988,2068.29,0.0259,0.31,2068.60
79989,2069.04,0.0259,0.28,2069.32
79990,2070.45,0.0259,0.26,2070.71
79991,2071.25,0.0259,0.23,2071.48
79992,2072.02,0.0259,0.21,2072.23
79993,2073.39,0.0259,0.18,2073.58
79994,2074.17,0.0259,0.16,2074.33
79995,2074.95,0.0259,0.13,2075.08
79996,2075.70,0.0259,0.10,2075.81
79997,2077.08,0.0260,0.08,2077.15
79998,2077.85,0.0260,0.05,2077.90
79999,2078.68,0.0260,0.03,2078.70
80000,2079.48,0.0260,0.00,2079.48
80001,2080.87,0.0260,0.00,2080.84
80002,2081.66,0.0260,0.00,2081.61
80003,2082.46,0.0260,0.00,2082.38
80004,2083.23,0.0260,0.00,2083.13
80005,2084.61,0.0261,0.00,2084.48
80006,2085.48,0.0261,0.00,2085.32
80007,2086.29,0.0261,0.00,2086.11
80008,2087.06,0.0261,0.00,2086.85
80009,2088.44,0.0261,0.00,2088.20
80010,2089.21,0.0261,0.00,2088.95
80011,2090.01,0.0261,0.00,2089.72
80012,2090.81,0.0261,0.00,2090.50
80013,2092.22,0.0261,0.00,2091.88
80014,2093.05,0.0262,0.00,2092.68
80015,2093.85,0.0262,0.00,2093.45
80016,2094.71,0.0262,0.00,2094.29
80017,2096.18,0.0262,0.00,2095.73
80018,2097.02,0.0262,0.00,2096.54
80019,2097.89,0.0262,0.00,2097.39
80020,2098.69,0.0262,0.00,2098.16
80021,2100.14,0.0262,0.00,2099.58
80022,2100.96,0.0263,0.00,2100.38
80023,2101.76,0.0263,0.00,2101.15
80024,2102.53,0.0263,0.00,2101.90
80025,2104.06,0.0263,0.00,2103.40
80026,2104.89,0.0263,0.00,2104.21
80027,2105.75,0.0263,0.00,2105.04
80028,2106.58,0.0263,0.00,2105.84
80029,2108.04,0.0263,0.00,2107.27
80030,2108.88,0.0264,0.00,2108.09
80031,2109.70,0.0264,0.00,2108.88
80032,2110.48,0.0264,0.00,2109.64
80033,2111.86,0.0264,0.00,2110.99
80034,2112.66,0.0264,0.00,2111.76
80035,2113.44,0.0264,0.00,2112.52
80036,2114.81,0.0264,0.00,2113.86
80037,2115.58,0.0264,0.00,2114.60
80038,2116.37,0.0264,0.00,2115.37
80039,2117.20,0.0265,0.00,2116.17
80040,2118.62,0.0265,0.00,2117.56
